<?xml version="1.0" encoding="UTF-8" ?>
<testsuite errors="0" failures="0" hostname="MacMosca.local" name="com.leuros.EurosResultTests" tests="1" time="0.536" timestamp="2012-01-22T15:25:53">
  <properties />
  <testcase classname="com.leuros.EurosResultTests" name="testOne" time="0.531" />
  <system-out><![CDATA[--Output from testOne--
]]></system-out>
  <system-err><![CDATA[--Output from testOne--
]]></system-err>
</testsuite>
